# JRE version: Java(TM) SE Runtime Environment (15.0.2+7) (build 15.0.2+7-27)
# Java VM: Java HotSpot(TM) 64-Bit Server VM (15.0.2+7-27, mixed mode, sharing, tiered, compressed oops, g1 gc, bsd-amd64)
GC Precious Log:
 CPUs: 16 total, 16 available
 Memory: 32768M
 Large Page Support: Disabled
 NUMA Support: Disabled
 Compressed Oops: Enabled (Zero based)
 Heap Region Size: 4M
 Heap Min Capacity: 8M
 Heap Initial Capacity: 512M
 Heap Max Capacity: 8G
 Pre-touch: Disabled
 Parallel Workers: 13
 Concurrent Workers: 3
 Concurrent Refinement Workers: 13
 Periodic GC: Disabled
Heap:
 garbage-first heap   total 532480K, used 230540K [0x0000000600000000, 0x0000000800000000)
  region size 4096K, 33 young (135168K), 2 survivors (8192K)
 Metaspace       used 16095K, capacity 16319K, committed 16640K, reserved 1064960K
  class space    used 1917K, capacity 1997K, committed 2048K, reserved 1048576K
GC Heap History (8 events):
Event: 4.260 GC heap before
{Heap before GC invocations=0 (full 0):
 garbage-first heap   total 532480K, used 24360K [0x0000000600000000, 0x0000000800000000)
  region size 4096K, 6 young (24576K), 0 survivors (0K)
 Metaspace       used 13382K, capacity 13589K, committed 13696K, reserved 1060864K
  class space    used 1605K, capacity 1663K, committed 1664K, reserved 1048576K
}
Event: 4.264 GC heap after
{Heap after GC invocations=1 (full 0):
 garbage-first heap   total 532480K, used 10800K [0x0000000600000000, 0x0000000800000000)
  region size 4096K, 1 young (4096K), 1 survivors (4096K)
 Metaspace       used 13382K, capacity 13589K, committed 13696K, reserved 1060864K
  class space    used 1605K, capacity 1663K, committed 1664K, reserved 1048576K
}
Event: 4.585 GC heap before
{Heap before GC invocations=1 (full 0):
 garbage-first heap   total 532480K, used 27184K [0x0000000600000000, 0x0000000800000000)
  region size 4096K, 6 young (24576K), 1 survivors (4096K)
 Metaspace       used 13431K, capacity 13653K, committed 13952K, reserved 1060864K
  class space    used 1605K, capacity 1663K, committed 1664K, reserved 1048576K
}
Event: 4.587 GC heap after
{Heap after GC invocations=2 (full 0):
 garbage-first heap   total 532480K, used 10341K [0x0000000600000000, 0x0000000800000000)
  region size 4096K, 1 young (4096K), 1 survivors (4096K)
 Metaspace       used 13431K, capacity 13653K, committed 13952K, reserved 1060864K
  class space    used 1605K, capacity 1663K, committed 1664K, reserved 1048576K
}
Event: 6.030 GC heap before
{Heap before GC invocations=2 (full 0):
 garbage-first heap   total 532480K, used 92261K [0x0000000600000000, 0x0000000800000000)
  region size 4096K, 22 young (90112K), 1 survivors (4096K)
 Metaspace       used 13529K, capacity 13717K, committed 13952K, reserved 1060864K
  class space    used 1605K, capacity 1663K, committed 1664K, reserved 1048576K
}
Event: 6.031 GC heap after
{Heap after GC invocations=3 (full 0):
 garbage-first heap   total 532480K, used 11935K [0x0000000600000000, 0x0000000800000000)
  region size 4096K, 1 young (4096K), 1 survivors (4096K)
 Metaspace       used 13529K, capacity 13717K, committed 13952K, reserved 1060864K
  class space    used 1605K, capacity 1663K, committed 1664K, reserved 1048576K
}
Event: 11.118 GC heap before
{Heap before GC invocations=3 (full 0):
 garbage-first heap   total 532480K, used 315039K [0x0000000600000000, 0x0000000800000000)
  region size 4096K, 76 young (311296K), 1 survivors (4096K)
 Metaspace       used 15919K, capacity 16127K, committed 16384K, reserved 1062912K
  class space    used 1910K, capacity 1997K, committed 2048K, reserved 1048576K
}
Event: 11.121 GC heap after
{Heap after GC invocations=4 (full 0):
 garbage-first heap   total 532480K, used 13452K [0x0000000600000000, 0x0000000800000000)
  region size 4096K, 2 young (8192K), 2 survivors (8192K)
 Metaspace       used 15919K, capacity 16127K, committed 16384K, reserved 1062912K
  class space    used 1910K, capacity 1997K, committed 2048K, reserved 1048576K
}

