# JRE version: Java(TM) SE Runtime Environment (15.0.2+7) (build 15.0.2+7-27)
# Java VM: Java HotSpot(TM) 64-Bit Server VM (15.0.2+7-27, mixed mode, sharing, tiered, compressed oops, g1 gc, bsd-amd64)
GC Precious Log:
 CPUs: 16 total, 16 available
 Memory: 32768M
 Large Page Support: Disabled
 NUMA Support: Disabled
 Compressed Oops: Enabled (Zero based)
 Heap Region Size: 4M
 Heap Min Capacity: 8M
 Heap Initial Capacity: 512M
 Heap Max Capacity: 8G
 Pre-touch: Disabled
 Parallel Workers: 13
 Concurrent Workers: 3
 Concurrent Refinement Workers: 13
 Periodic GC: Disabled
Heap:
 garbage-first heap   total 536576K, used 266588K [0x0000000600000000, 0x0000000800000000)
  region size 4096K, 26 young (106496K), 6 survivors (24576K)
 Metaspace       used 17200K, capacity 17490K, committed 17792K, reserved 1064960K
  class space    used 1956K, capacity 2060K, committed 2176K, reserved 1048576K
GC Heap History (20 events):
Event: 382.770 GC heap before
{Heap before GC invocations=90 (full 0):
 garbage-first heap   total 532480K, used 439011K [0x0000000600000000, 0x0000000800000000)
  region size 4096K, 76 young (311296K), 1 survivors (4096K)
 Metaspace       used 15491K, capacity 15744K, committed 16000K, reserved 1062912K
  class space    used 1714K, capacity 1798K, committed 1920K, reserved 1048576K
}
Event: 382.772 GC heap after
{Heap after GC invocations=91 (full 0):
 garbage-first heap   total 532480K, used 132708K [0x0000000600000000, 0x0000000800000000)
  region size 4096K, 1 young (4096K), 1 survivors (4096K)
 Metaspace       used 15491K, capacity 15744K, committed 16000K, reserved 1062912K
  class space    used 1714K, capacity 1798K, committed 1920K, reserved 1048576K
}
Event: 388.066 GC heap before
{Heap before GC invocations=91 (full 0):
 garbage-first heap   total 532480K, used 439908K [0x0000000600000000, 0x0000000800000000)
  region size 4096K, 77 young (315392K), 1 survivors (4096K)
 Metaspace       used 15492K, capacity 15744K, committed 16000K, reserved 1062912K
  class space    used 1714K, capacity 1798K, committed 1920K, reserved 1048576K
}
Event: 388.066 GC heap after
{Heap after GC invocations=92 (full 0):
 garbage-first heap   total 532480K, used 133436K [0x0000000600000000, 0x0000000800000000)
  region size 4096K, 1 young (4096K), 1 survivors (4096K)
 Metaspace       used 15492K, capacity 15744K, committed 16000K, reserved 1062912K
  class space    used 1714K, capacity 1798K, committed 1920K, reserved 1048576K
}
Event: 393.255 GC heap before
{Heap before GC invocations=92 (full 0):
 garbage-first heap   total 532480K, used 440636K [0x0000000600000000, 0x0000000800000000)
  region size 4096K, 76 young (311296K), 1 survivors (4096K)
 Metaspace       used 16651K, capacity 16914K, committed 17152K, reserved 1064960K
  class space    used 1910K, capacity 1996K, committed 2048K, reserved 1048576K
}
Event: 393.256 GC heap after
{Heap after GC invocations=93 (full 0):
 garbage-first heap   total 532480K, used 133825K [0x0000000600000000, 0x0000000800000000)
  region size 4096K, 1 young (4096K), 1 survivors (4096K)
 Metaspace       used 16651K, capacity 16914K, committed 17152K, reserved 1064960K
  class space    used 1910K, capacity 1996K, committed 2048K, reserved 1048576K
}
Event: 401.974 GC heap before
{Heap before GC invocations=93 (full 0):
 garbage-first heap   total 532480K, used 522945K [0x0000000600000000, 0x0000000800000000)
  region size 4096K, 74 young (303104K), 1 survivors (4096K)
 Metaspace       used 16774K, capacity 17074K, committed 17408K, reserved 1064960K
  class space    used 1916K, capacity 2028K, committed 2048K, reserved 1048576K
}
Event: 401.977 GC heap after
{Heap after GC invocations=94 (full 0):
 garbage-first heap   total 536576K, used 228603K [0x0000000600000000, 0x0000000800000000)
  region size 4096K, 1 young (4096K), 1 survivors (4096K)
 Metaspace       used 16774K, capacity 17074K, committed 17408K, reserved 1064960K
  class space    used 1916K, capacity 2028K, committed 2048K, reserved 1048576K
}
Event: 402.751 GC heap before
{Heap before GC invocations=94 (full 0):
 garbage-first heap   total 536576K, used 462075K [0x0000000600000000, 0x0000000800000000)
  region size 4096K, 59 young (241664K), 1 survivors (4096K)
 Metaspace       used 16778K, capacity 17074K, committed 17408K, reserved 1064960K
  class space    used 1916K, capacity 2028K, committed 2048K, reserved 1048576K
}
Event: 402.773 GC heap after
{Heap after GC invocations=95 (full 0):
 garbage-first heap   total 536576K, used 171588K [0x0000000600000000, 0x0000000800000000)
  region size 4096K, 8 young (32768K), 8 survivors (32768K)
 Metaspace       used 16778K, capacity 17074K, committed 17408K, reserved 1064960K
  class space    used 1916K, capacity 2028K, committed 2048K, reserved 1048576K
}
Event: 403.741 GC heap before
{Heap before GC invocations=95 (full 0):
 garbage-first heap   total 536576K, used 433732K [0x0000000600000000, 0x0000000800000000)
  region size 4096K, 73 young (299008K), 8 survivors (32768K)
 Metaspace       used 16778K, capacity 17074K, committed 17408K, reserved 1064960K
  class space    used 1916K, capacity 2028K, committed 2048K, reserved 1048576K
}
Event: 403.761 GC heap after
{Heap after GC invocations=96 (full 0):
 garbage-first heap   total 536576K, used 211052K [0x0000000600000000, 0x0000000800000000)
  region size 4096K, 10 young (40960K), 10 survivors (40960K)
 Metaspace       used 16778K, capacity 17074K, committed 17408K, reserved 1064960K
  class space    used 1916K, capacity 2028K, committed 2048K, reserved 1048576K
}
Event: 418.511 GC heap before
{Heap before GC invocations=96 (full 0):
 garbage-first heap   total 536576K, used 411756K [0x0000000600000000, 0x0000000800000000)
  region size 4096K, 60 young (245760K), 10 survivors (40960K)
 Metaspace       used 17192K, capacity 17426K, committed 17792K, reserved 1064960K
  class space    used 1956K, capacity 2060K, committed 2176K, reserved 1048576K
}
Event: 418.524 GC heap after
{Heap after GC invocations=97 (full 0):
 garbage-first heap   total 536576K, used 234383K [0x0000000600000000, 0x0000000800000000)
  region size 4096K, 8 young (32768K), 8 survivors (32768K)
 Metaspace       used 17192K, capacity 17426K, committed 17792K, reserved 1064960K
  class space    used 1956K, capacity 2060K, committed 2176K, reserved 1048576K
}
Event: 419.052 GC heap before
{Heap before GC invocations=97 (full 0):
 garbage-first heap   total 536576K, used 402319K [0x0000000600000000, 0x0000000800000000)
  region size 4096K, 49 young (200704K), 8 survivors (32768K)
 Metaspace       used 17195K, capacity 17426K, committed 17792K, reserved 1064960K
  class space    used 1956K, capacity 2060K, committed 2176K, reserved 1048576K
}
Event: 419.067 GC heap after
{Heap after GC invocations=98 (full 0):
 garbage-first heap   total 536576K, used 251942K [0x0000000600000000, 0x0000000800000000)
  region size 4096K, 5 young (20480K), 5 survivors (20480K)
 Metaspace       used 17195K, capacity 17426K, committed 17792K, reserved 1064960K
  class space    used 1956K, capacity 2060K, committed 2176K, reserved 1048576K
}
Event: 419.596 GC heap before
{Heap before GC invocations=98 (full 0):
 garbage-first heap   total 536576K, used 403494K [0x0000000600000000, 0x0000000800000000)
  region size 4096K, 43 young (176128K), 5 survivors (20480K)
 Metaspace       used 17195K, capacity 17426K, committed 17792K, reserved 1064960K
  class space    used 1956K, capacity 2060K, committed 2176K, reserved 1048576K
}
Event: 419.609 GC heap after
{Heap after GC invocations=99 (full 0):
 garbage-first heap   total 536576K, used 269370K [0x0000000600000000, 0x0000000800000000)
  region size 4096K, 6 young (24576K), 6 survivors (24576K)
 Metaspace       used 17195K, capacity 17426K, committed 17792K, reserved 1064960K
  class space    used 1956K, capacity 2060K, committed 2176K, reserved 1048576K
}
Event: 420.112 GC heap before
{Heap before GC invocations=99 (full 0):
 garbage-first heap   total 536576K, used 412730K [0x0000000600000000, 0x0000000800000000)
  region size 4096K, 41 young (167936K), 6 survivors (24576K)
 Metaspace       used 17199K, capacity 17490K, committed 17792K, reserved 1064960K
  class space    used 1956K, capacity 2060K, committed 2176K, reserved 1048576K
}
Event: 420.125 GC heap after
{Heap after GC invocations=100 (full 0):
 garbage-first heap   total 536576K, used 287068K [0x0000000600000000, 0x0000000800000000)
  region size 4096K, 6 young (24576K), 6 survivors (24576K)
 Metaspace       used 17199K, capacity 17490K, committed 17792K, reserved 1064960K
  class space    used 1956K, capacity 2060K, committed 2176K, reserved 1048576K
}

